0 info it worked if it ends with ok
1 verbose cli [ 'C:\\Program Files\\nodejs\\node.exe',
1 verbose cli   'C:\\Program Files\\nodejs\\node_modules\\npm\\bin\\npm-cli.js',
1 verbose cli   'install',
1 verbose cli   'pg-native' ]
2 info using npm@3.6.0
3 info using node@v5.7.1
4 silly loadCurrentTree Starting
5 silly install loadCurrentTree
6 silly install readLocalPackageData
7 silly fetchPackageMetaData pg-native
8 silly fetchNamedPackageData pg-native
9 silly mapToRegistry name pg-native
10 silly mapToRegistry using default registry
11 silly mapToRegistry registry https://registry.npmjs.org/
12 silly mapToRegistry uri https://registry.npmjs.org/pg-native
13 verbose request uri https://registry.npmjs.org/pg-native
14 verbose request no auth needed
15 info attempt registry request try #1 at 21:35:46
16 verbose request id 16a973674683b24d
17 http request GET https://registry.npmjs.org/pg-native
18 http 200 https://registry.npmjs.org/pg-native
19 verbose headers { server: 'CouchDB/1.5.0 (Erlang OTP/R16B03)',
19 verbose headers   etag: '"3VIP3RBVC5O70N6TWDKB0QUPF"',
19 verbose headers   'content-type': 'application/json',
19 verbose headers   'content-encoding': 'gzip',
19 verbose headers   'cache-control': 'max-age=300',
19 verbose headers   'content-length': '7830',
19 verbose headers   'accept-ranges': 'bytes',
19 verbose headers   date: 'Mon, 16 May 2016 01:35:43 GMT',
19 verbose headers   via: '1.1 varnish',
19 verbose headers   age: '0',
19 verbose headers   connection: 'keep-alive',
19 verbose headers   'x-served-by': 'cache-iad2138-IAD',
19 verbose headers   'x-cache': 'MISS',
19 verbose headers   'x-cache-hits': '0',
19 verbose headers   'x-timer': 'S1463362543.704456,VS0,VE39',
19 verbose headers   vary: 'Accept-Encoding' }
20 silly get cb [ 200,
20 silly get   { server: 'CouchDB/1.5.0 (Erlang OTP/R16B03)',
20 silly get     etag: '"3VIP3RBVC5O70N6TWDKB0QUPF"',
20 silly get     'content-type': 'application/json',
20 silly get     'content-encoding': 'gzip',
20 silly get     'cache-control': 'max-age=300',
20 silly get     'content-length': '7830',
20 silly get     'accept-ranges': 'bytes',
20 silly get     date: 'Mon, 16 May 2016 01:35:43 GMT',
20 silly get     via: '1.1 varnish',
20 silly get     age: '0',
20 silly get     connection: 'keep-alive',
20 silly get     'x-served-by': 'cache-iad2138-IAD',
20 silly get     'x-cache': 'MISS',
20 silly get     'x-cache-hits': '0',
20 silly get     'x-timer': 'S1463362543.704456,VS0,VE39',
20 silly get     vary: 'Accept-Encoding' } ]
21 verbose get saving pg-native to C:\Users\Jose\AppData\Roaming\npm-cache\registry.npmjs.org\pg-native\.cache.json
22 verbose correctMkdir C:\Users\Jose\AppData\Roaming\npm-cache correctMkdir not in flight; initializing
23 silly install normalizeTree
24 silly loadCurrentTree Finishing
25 silly loadIdealTree Starting
26 silly install loadIdealTree
27 silly cloneCurrentTree Starting
28 silly install cloneCurrentTreeToIdealTree
29 silly cloneCurrentTree Finishing
30 silly loadShrinkwrap Starting
31 silly install loadShrinkwrap
32 silly loadShrinkwrap Finishing
33 silly loadAllDepsIntoIdealTree Starting
34 silly install loadAllDepsIntoIdealTree
35 silly resolveWithNewModule pg-native@1.10.0 checking installable status
36 silly cache add args [ 'pg-native', null ]
37 verbose cache add spec pg-native
38 silly cache add parsed spec Result {
38 silly cache add   raw: 'pg-native',
38 silly cache add   scope: null,
38 silly cache add   name: 'pg-native',
38 silly cache add   rawSpec: '',
38 silly cache add   spec: 'latest',
38 silly cache add   type: 'tag' }
39 silly addNamed pg-native@latest
40 verbose addNamed "latest" is being treated as a dist-tag for pg-native
41 info addNameTag [ 'pg-native', 'latest' ]
42 silly mapToRegistry name pg-native
43 silly mapToRegistry using default registry
44 silly mapToRegistry registry https://registry.npmjs.org/
45 silly mapToRegistry uri https://registry.npmjs.org/pg-native
46 verbose addNameTag registry:https://registry.npmjs.org/pg-native not in flight; fetching
47 verbose get https://registry.npmjs.org/pg-native not expired, no request
48 silly addNameTag next cb for pg-native with tag latest
49 silly addNamed pg-native@1.10.0
50 verbose addNamed "1.10.0" is a plain semver version for pg-native
51 silly mapToRegistry name pg-native
52 silly mapToRegistry using default registry
53 silly mapToRegistry registry https://registry.npmjs.org/
54 silly mapToRegistry uri https://registry.npmjs.org/pg-native
55 verbose addRemoteTarball https://registry.npmjs.org/pg-native/-/pg-native-1.10.0.tgz not in flight; adding
56 verbose addRemoteTarball [ 'https://registry.npmjs.org/pg-native/-/pg-native-1.10.0.tgz',
56 verbose addRemoteTarball   'abe299214afa2be51db5f5104e14770c738230fd' ]
57 info retry fetch attempt 1 at 21:35:46
58 info attempt registry request try #1 at 21:35:46
59 http fetch GET https://registry.npmjs.org/pg-native/-/pg-native-1.10.0.tgz
60 http fetch 200 https://registry.npmjs.org/pg-native/-/pg-native-1.10.0.tgz
61 silly fetchAndShaCheck shasum abe299214afa2be51db5f5104e14770c738230fd
62 verbose addTmpTarball C:\Users\Jose\AppData\Local\Temp\npm-6156-c1b11130\registry.npmjs.org\pg-native\-\pg-native-1.10.0.tgz not in flight; adding
63 verbose addTmpTarball already have metadata; skipping unpack for pg-native@1.10.0
64 verbose correctMkdir C:\Users\Jose\AppData\Roaming\npm-cache correctMkdir not in flight; initializing
65 silly cache afterAdd pg-native@1.10.0
66 verbose afterAdd C:\Users\Jose\AppData\Roaming\npm-cache\pg-native\1.10.0\package\package.json not in flight; writing
67 verbose correctMkdir C:\Users\Jose\AppData\Roaming\npm-cache correctMkdir not in flight; initializing
68 verbose afterAdd C:\Users\Jose\AppData\Roaming\npm-cache\pg-native\1.10.0\package\package.json written
69 silly fetchNamedPackageData libpq
70 silly mapToRegistry name libpq
71 silly mapToRegistry using default registry
72 silly mapToRegistry registry https://registry.npmjs.org/
73 silly mapToRegistry uri https://registry.npmjs.org/libpq
74 silly fetchNamedPackageData pg-types
75 silly mapToRegistry name pg-types
76 silly mapToRegistry using default registry
77 silly mapToRegistry registry https://registry.npmjs.org/
78 silly mapToRegistry uri https://registry.npmjs.org/pg-types
79 silly fetchNamedPackageData readable-stream
80 silly mapToRegistry name readable-stream
81 silly mapToRegistry using default registry
82 silly mapToRegistry registry https://registry.npmjs.org/
83 silly mapToRegistry uri https://registry.npmjs.org/readable-stream
84 verbose request uri https://registry.npmjs.org/libpq
85 verbose request no auth needed
86 info attempt registry request try #1 at 21:35:47
87 http request GET https://registry.npmjs.org/libpq
88 verbose request uri https://registry.npmjs.org/readable-stream
89 verbose request no auth needed
90 info attempt registry request try #1 at 21:35:47
91 verbose etag "467IKBDVDFPQK406TFF1E89TY"
92 http request GET https://registry.npmjs.org/readable-stream
93 verbose request uri https://registry.npmjs.org/pg-types
94 verbose request no auth needed
95 info attempt registry request try #1 at 21:35:47
96 verbose etag "3S1GJ0XK5L0WUMKE99SRPVCWB"
97 http request GET https://registry.npmjs.org/pg-types
98 http 304 https://registry.npmjs.org/readable-stream
99 verbose headers { date: 'Mon, 16 May 2016 01:35:44 GMT',
99 verbose headers   via: '1.1 varnish',
99 verbose headers   'cache-control': 'max-age=300',
99 verbose headers   etag: '"467IKBDVDFPQK406TFF1E89TY"',
99 verbose headers   age: '148',
99 verbose headers   connection: 'keep-alive',
99 verbose headers   'x-served-by': 'cache-iad2130-IAD',
99 verbose headers   'x-cache': 'HIT',
99 verbose headers   'x-cache-hits': '7',
99 verbose headers   'x-timer': 'S1463362544.706375,VS0,VE0',
99 verbose headers   vary: 'Accept-Encoding' }
100 silly get cb [ 304,
100 silly get   { date: 'Mon, 16 May 2016 01:35:44 GMT',
100 silly get     via: '1.1 varnish',
100 silly get     'cache-control': 'max-age=300',
100 silly get     etag: '"467IKBDVDFPQK406TFF1E89TY"',
100 silly get     age: '148',
100 silly get     connection: 'keep-alive',
100 silly get     'x-served-by': 'cache-iad2130-IAD',
100 silly get     'x-cache': 'HIT',
100 silly get     'x-cache-hits': '7',
100 silly get     'x-timer': 'S1463362544.706375,VS0,VE0',
100 silly get     vary: 'Accept-Encoding' } ]
101 verbose etag https://registry.npmjs.org/readable-stream from cache
102 verbose get saving readable-stream to C:\Users\Jose\AppData\Roaming\npm-cache\registry.npmjs.org\readable-stream\.cache.json
103 verbose correctMkdir C:\Users\Jose\AppData\Roaming\npm-cache correctMkdir not in flight; initializing
104 http 304 https://registry.npmjs.org/pg-types
105 verbose headers { date: 'Mon, 16 May 2016 01:35:44 GMT',
105 verbose headers   via: '1.1 varnish',
105 verbose headers   'cache-control': 'max-age=300',
105 verbose headers   etag: '"3S1GJ0XK5L0WUMKE99SRPVCWB"',
105 verbose headers   age: '190',
105 verbose headers   connection: 'keep-alive',
105 verbose headers   'x-served-by': 'cache-iad2143-IAD',
105 verbose headers   'x-cache': 'HIT',
105 verbose headers   'x-cache-hits': '1',
105 verbose headers   'x-timer': 'S1463362544.712304,VS0,VE0',
105 verbose headers   vary: 'Accept-Encoding' }
106 silly get cb [ 304,
106 silly get   { date: 'Mon, 16 May 2016 01:35:44 GMT',
106 silly get     via: '1.1 varnish',
106 silly get     'cache-control': 'max-age=300',
106 silly get     etag: '"3S1GJ0XK5L0WUMKE99SRPVCWB"',
106 silly get     age: '190',
106 silly get     connection: 'keep-alive',
106 silly get     'x-served-by': 'cache-iad2143-IAD',
106 silly get     'x-cache': 'HIT',
106 silly get     'x-cache-hits': '1',
106 silly get     'x-timer': 'S1463362544.712304,VS0,VE0',
106 silly get     vary: 'Accept-Encoding' } ]
107 verbose etag https://registry.npmjs.org/pg-types from cache
108 verbose get saving pg-types to C:\Users\Jose\AppData\Roaming\npm-cache\registry.npmjs.org\pg-types\.cache.json
109 verbose correctMkdir C:\Users\Jose\AppData\Roaming\npm-cache correctMkdir not in flight; initializing
110 silly resolveWithNewModule pg-types@1.6.0 checking installable status
111 silly cache add args [ 'pg-types@1.6.0', null ]
112 verbose cache add spec pg-types@1.6.0
113 silly cache add parsed spec Result {
113 silly cache add   raw: 'pg-types@1.6.0',
113 silly cache add   scope: null,
113 silly cache add   name: 'pg-types',
113 silly cache add   rawSpec: '1.6.0',
113 silly cache add   spec: '1.6.0',
113 silly cache add   type: 'version' }
114 silly addNamed pg-types@1.6.0
115 verbose addNamed "1.6.0" is a plain semver version for pg-types
116 silly mapToRegistry name pg-types
117 silly mapToRegistry using default registry
118 silly mapToRegistry registry https://registry.npmjs.org/
119 silly mapToRegistry uri https://registry.npmjs.org/pg-types
120 verbose addNameVersion registry:https://registry.npmjs.org/pg-types not in flight; fetching
121 silly resolveWithNewModule readable-stream@1.0.31 checking installable status
122 silly cache add args [ 'readable-stream@1.0.31', null ]
123 verbose cache add spec readable-stream@1.0.31
124 silly cache add parsed spec Result {
124 silly cache add   raw: 'readable-stream@1.0.31',
124 silly cache add   scope: null,
124 silly cache add   name: 'readable-stream',
124 silly cache add   rawSpec: '1.0.31',
124 silly cache add   spec: '1.0.31',
124 silly cache add   type: 'version' }
125 silly addNamed readable-stream@1.0.31
126 verbose addNamed "1.0.31" is a plain semver version for readable-stream
127 silly mapToRegistry name readable-stream
128 silly mapToRegistry using default registry
129 silly mapToRegistry registry https://registry.npmjs.org/
130 silly mapToRegistry uri https://registry.npmjs.org/readable-stream
131 verbose addNameVersion registry:https://registry.npmjs.org/readable-stream not in flight; fetching
132 verbose get https://registry.npmjs.org/pg-types not expired, no request
133 verbose get https://registry.npmjs.org/readable-stream not expired, no request
134 silly mapToRegistry name pg-types
135 silly mapToRegistry using default registry
136 silly mapToRegistry registry https://registry.npmjs.org/
137 silly mapToRegistry uri https://registry.npmjs.org/pg-types
138 verbose addRemoteTarball https://registry.npmjs.org/pg-types/-/pg-types-1.6.0.tgz not in flight; adding
139 verbose addRemoteTarball [ 'https://registry.npmjs.org/pg-types/-/pg-types-1.6.0.tgz',
139 verbose addRemoteTarball   '3872a0f199143025497f4ee2a65fdaf00d7ea8b3' ]
140 info retry fetch attempt 1 at 21:35:47
141 info attempt registry request try #1 at 21:35:47
142 http fetch GET https://registry.npmjs.org/pg-types/-/pg-types-1.6.0.tgz
143 silly mapToRegistry name readable-stream
144 silly mapToRegistry using default registry
145 silly mapToRegistry registry https://registry.npmjs.org/
146 silly mapToRegistry uri https://registry.npmjs.org/readable-stream
147 verbose addRemoteTarball https://registry.npmjs.org/readable-stream/-/readable-stream-1.0.31.tgz not in flight; adding
148 verbose addRemoteTarball [ 'https://registry.npmjs.org/readable-stream/-/readable-stream-1.0.31.tgz',
148 verbose addRemoteTarball   '8f2502e0bc9e3b0da1b94520aabb4e2603ecafae' ]
149 info retry fetch attempt 1 at 21:35:47
150 info attempt registry request try #1 at 21:35:47
151 http fetch GET https://registry.npmjs.org/readable-stream/-/readable-stream-1.0.31.tgz
152 http fetch 200 https://registry.npmjs.org/pg-types/-/pg-types-1.6.0.tgz
153 silly fetchAndShaCheck shasum 3872a0f199143025497f4ee2a65fdaf00d7ea8b3
154 verbose addTmpTarball C:\Users\Jose\AppData\Local\Temp\npm-6156-c1b11130\registry.npmjs.org\pg-types\-\pg-types-1.6.0.tgz not in flight; adding
155 verbose addTmpTarball already have metadata; skipping unpack for pg-types@1.6.0
156 verbose correctMkdir C:\Users\Jose\AppData\Roaming\npm-cache correctMkdir not in flight; initializing
157 http fetch 200 https://registry.npmjs.org/readable-stream/-/readable-stream-1.0.31.tgz
158 silly cache afterAdd pg-types@1.6.0
159 verbose afterAdd C:\Users\Jose\AppData\Roaming\npm-cache\pg-types\1.6.0\package\package.json not in flight; writing
160 verbose correctMkdir C:\Users\Jose\AppData\Roaming\npm-cache correctMkdir not in flight; initializing
161 verbose afterAdd C:\Users\Jose\AppData\Roaming\npm-cache\pg-types\1.6.0\package\package.json written
162 http 200 https://registry.npmjs.org/libpq
163 verbose headers { server: 'CouchDB/1.5.0 (Erlang OTP/R16B03)',
163 verbose headers   etag: '"1NGRB2M0HJ8OOWK3GNKZGTNA8"',
163 verbose headers   'content-type': 'application/json',
163 verbose headers   'content-encoding': 'gzip',
163 verbose headers   'cache-control': 'max-age=300',
163 verbose headers   'content-length': '11354',
163 verbose headers   'accept-ranges': 'bytes',
163 verbose headers   date: 'Mon, 16 May 2016 01:35:45 GMT',
163 verbose headers   via: '1.1 varnish',
163 verbose headers   age: '0',
163 verbose headers   connection: 'keep-alive',
163 verbose headers   'x-served-by': 'cache-iad2129-IAD',
163 verbose headers   'x-cache': 'MISS',
163 verbose headers   'x-cache-hits': '0',
163 verbose headers   'x-timer': 'S1463362544.647145,VS0,VE495',
163 verbose headers   vary: 'Accept-Encoding' }
164 silly get cb [ 200,
164 silly get   { server: 'CouchDB/1.5.0 (Erlang OTP/R16B03)',
164 silly get     etag: '"1NGRB2M0HJ8OOWK3GNKZGTNA8"',
164 silly get     'content-type': 'application/json',
164 silly get     'content-encoding': 'gzip',
164 silly get     'cache-control': 'max-age=300',
164 silly get     'content-length': '11354',
164 silly get     'accept-ranges': 'bytes',
164 silly get     date: 'Mon, 16 May 2016 01:35:45 GMT',
164 silly get     via: '1.1 varnish',
164 silly get     age: '0',
164 silly get     connection: 'keep-alive',
164 silly get     'x-served-by': 'cache-iad2129-IAD',
164 silly get     'x-cache': 'MISS',
164 silly get     'x-cache-hits': '0',
164 silly get     'x-timer': 'S1463362544.647145,VS0,VE495',
164 silly get     vary: 'Accept-Encoding' } ]
165 verbose get saving libpq to C:\Users\Jose\AppData\Roaming\npm-cache\registry.npmjs.org\libpq\.cache.json
166 verbose correctMkdir C:\Users\Jose\AppData\Roaming\npm-cache correctMkdir not in flight; initializing
167 silly fetchAndShaCheck shasum 8f2502e0bc9e3b0da1b94520aabb4e2603ecafae
168 verbose addTmpTarball C:\Users\Jose\AppData\Local\Temp\npm-6156-c1b11130\registry.npmjs.org\readable-stream\-\readable-stream-1.0.31.tgz not in flight; adding
169 verbose addTmpTarball already have metadata; skipping unpack for readable-stream@1.0.31
170 verbose correctMkdir C:\Users\Jose\AppData\Roaming\npm-cache correctMkdir not in flight; initializing
171 silly cache afterAdd readable-stream@1.0.31
172 verbose afterAdd C:\Users\Jose\AppData\Roaming\npm-cache\readable-stream\1.0.31\package\package.json not in flight; writing
173 verbose correctMkdir C:\Users\Jose\AppData\Roaming\npm-cache correctMkdir not in flight; initializing
174 verbose afterAdd C:\Users\Jose\AppData\Roaming\npm-cache\readable-stream\1.0.31\package\package.json written
175 silly resolveWithNewModule libpq@1.8.2 checking installable status
176 silly cache add args [ 'libpq@^1.7.0', null ]
177 verbose cache add spec libpq@^1.7.0
178 silly cache add parsed spec Result {
178 silly cache add   raw: 'libpq@^1.7.0',
178 silly cache add   scope: null,
178 silly cache add   name: 'libpq',
178 silly cache add   rawSpec: '^1.7.0',
178 silly cache add   spec: '>=1.7.0 <2.0.0',
178 silly cache add   type: 'range' }
179 silly addNamed libpq@>=1.7.0 <2.0.0
180 verbose addNamed ">=1.7.0 <2.0.0" is a valid semver range for libpq
181 silly addNameRange { name: 'libpq', range: '>=1.7.0 <2.0.0', hasData: false }
182 silly mapToRegistry name libpq
183 silly mapToRegistry using default registry
184 silly mapToRegistry registry https://registry.npmjs.org/
185 silly mapToRegistry uri https://registry.npmjs.org/libpq
186 verbose addNameRange registry:https://registry.npmjs.org/libpq not in flight; fetching
187 verbose get https://registry.npmjs.org/libpq not expired, no request
188 silly addNameRange number 2 { name: 'libpq', range: '>=1.7.0 <2.0.0', hasData: true }
189 silly addNameRange versions [ 'libpq',
189 silly addNameRange   [ '0.2.0',
189 silly addNameRange     '0.2.1',
189 silly addNameRange     '0.2.2',
189 silly addNameRange     '0.2.3',
189 silly addNameRange     '0.2.4',
189 silly addNameRange     '0.2.5',
189 silly addNameRange     '0.3.0',
189 silly addNameRange     '0.4.0',
189 silly addNameRange     '0.4.1',
189 silly addNameRange     '0.5.0',
189 silly addNameRange     '0.5.1',
189 silly addNameRange     '0.5.2',
189 silly addNameRange     '0.5.3',
189 silly addNameRange     '1.0.0',
189 silly addNameRange     '1.0.1',
189 silly addNameRange     '1.1.0',
189 silly addNameRange     '1.2.0',
189 silly addNameRange     '1.2.1',
189 silly addNameRange     '1.3.0',
189 silly addNameRange     '1.3.1',
189 silly addNameRange     '1.4.0',
189 silly addNameRange     '1.4.1',
189 silly addNameRange     '1.4.2',
189 silly addNameRange     '1.5.1',
189 silly addNameRange     '1.6.0',
189 silly addNameRange     '1.6.1',
189 silly addNameRange     '1.6.2',
189 silly addNameRange     '1.6.3',
189 silly addNameRange     '1.6.4',
189 silly addNameRange     '1.7.0',
189 silly addNameRange     '1.8.0',
189 silly addNameRange     '1.8.1',
189 silly addNameRange     '1.8.2' ] ]
190 silly addNamed libpq@1.8.2
191 verbose addNamed "1.8.2" is a plain semver version for libpq
192 silly mapToRegistry name libpq
193 silly mapToRegistry using default registry
194 silly mapToRegistry registry https://registry.npmjs.org/
195 silly mapToRegistry uri https://registry.npmjs.org/libpq
196 verbose addRemoteTarball https://registry.npmjs.org/libpq/-/libpq-1.8.2.tgz not in flight; adding
197 verbose addRemoteTarball [ 'https://registry.npmjs.org/libpq/-/libpq-1.8.2.tgz',
197 verbose addRemoteTarball   '82da825d399bb2a3a6f3b199f1859d7c64223c52' ]
198 info retry fetch attempt 1 at 21:35:48
199 info attempt registry request try #1 at 21:35:48
200 http fetch GET https://registry.npmjs.org/libpq/-/libpq-1.8.2.tgz
201 http fetch 200 https://registry.npmjs.org/libpq/-/libpq-1.8.2.tgz
202 silly fetchAndShaCheck shasum 82da825d399bb2a3a6f3b199f1859d7c64223c52
203 verbose addTmpTarball C:\Users\Jose\AppData\Local\Temp\npm-6156-c1b11130\registry.npmjs.org\libpq\-\libpq-1.8.2.tgz not in flight; adding
204 verbose addTmpTarball already have metadata; skipping unpack for libpq@1.8.2
205 verbose correctMkdir C:\Users\Jose\AppData\Roaming\npm-cache correctMkdir not in flight; initializing
206 silly cache afterAdd libpq@1.8.2
207 verbose afterAdd C:\Users\Jose\AppData\Roaming\npm-cache\libpq\1.8.2\package\package.json not in flight; writing
208 verbose correctMkdir C:\Users\Jose\AppData\Roaming\npm-cache correctMkdir not in flight; initializing
209 verbose afterAdd C:\Users\Jose\AppData\Roaming\npm-cache\libpq\1.8.2\package\package.json written
210 silly loadAllDepsIntoIdealTree Finishing
211 silly idealTree:prePrune carcare@1.0.0
211 silly idealTree:prePrune +-- accepts@1.2.13
211 silly idealTree:prePrune +-- ap@0.2.0
211 silly idealTree:prePrune +-- args-js@0.10.11
211 silly idealTree:prePrune +-- array-flatten@1.1.1
211 silly idealTree:prePrune +-- async@0.9.2
211 silly idealTree:prePrune +-- balanced-match@0.4.1
211 silly idealTree:prePrune +-- bindings@1.2.1
211 silly idealTree:prePrune +-- brace-expansion@1.1.4
211 silly idealTree:prePrune +-- buffer-writer@1.0.1
211 silly idealTree:prePrune +-- clone@1.0.2
211 silly idealTree:prePrune +-- commander@2.9.0
211 silly idealTree:prePrune +-- concat-map@0.0.1
211 silly idealTree:prePrune +-- content-disposition@0.5.0
211 silly idealTree:prePrune +-- content-type@1.0.2
211 silly idealTree:prePrune +-- cookie-signature@1.0.6
211 silly idealTree:prePrune +-- cookie@0.1.3
211 silly idealTree:prePrune +-- cool-ascii-faces@1.3.3
211 silly idealTree:prePrune +-- core-util-is@1.0.2
211 silly idealTree:prePrune +-- deasync@0.1.6
211 silly idealTree:prePrune +-- debug@2.2.0
211 silly idealTree:prePrune +-- depd@1.0.1
211 silly idealTree:prePrune +-- destroy@1.0.3
211 silly idealTree:prePrune +-- ee-first@1.1.1
211 silly idealTree:prePrune +-- ejs@2.3.3
211 silly idealTree:prePrune +-- escape-html@1.0.2
211 silly idealTree:prePrune +-- etag@1.7.0
211 silly idealTree:prePrune +-- express@4.13.3
211 silly idealTree:prePrune +-- finalhandler@0.4.0
211 silly idealTree:prePrune +-- forwarded@0.1.0
211 silly idealTree:prePrune +-- fresh@0.3.0
211 silly idealTree:prePrune +-- generic-pool@2.1.1
211 silly idealTree:prePrune +-- glob@4.5.3
211 silly idealTree:prePrune +-- graceful-readlink@1.0.1
211 silly idealTree:prePrune +-- http-errors@1.3.1
211 silly idealTree:prePrune +-- inflight@1.0.4
211 silly idealTree:prePrune +-- inherits@2.0.1
211 silly idealTree:prePrune +-- ipaddr.js@1.0.5
211 silly idealTree:prePrune +-- is-utf8@0.2.1
211 silly idealTree:prePrune +-- isarray@0.0.1
211 silly idealTree:prePrune +-- libpq@1.8.2
211 silly idealTree:prePrune +-- massive@2.2.0
211 silly idealTree:prePrune +-- media-typer@0.3.0
211 silly idealTree:prePrune +-- merge-descriptors@1.0.0
211 silly idealTree:prePrune +-- methods@1.1.2
211 silly idealTree:prePrune +-- mime-db@1.23.0
211 silly idealTree:prePrune +-- mime-types@2.1.11
211 silly idealTree:prePrune +-- mime@1.3.4
211 silly idealTree:prePrune +-- minimatch@2.0.10
211 silly idealTree:prePrune +-- ms@0.7.1
211 silly idealTree:prePrune +-- nan@2.3.3
211 silly idealTree:prePrune +-- negotiator@0.5.3
211 silly idealTree:prePrune +-- on-finished@2.3.0
211 silly idealTree:prePrune +-- once@1.3.3
211 silly idealTree:prePrune +-- packet-reader@0.2.0
211 silly idealTree:prePrune +-- parseurl@1.3.1
211 silly idealTree:prePrune +-- path-to-regexp@0.1.7
211 silly idealTree:prePrune +-- pg-connection-string@0.1.3
211 silly idealTree:prePrune +-- pg-cursor@1.0.0
211 silly idealTree:prePrune +-- pg-native@1.10.0
211 silly idealTree:prePrune | +-- pg-types@1.6.0
211 silly idealTree:prePrune | `-- readable-stream@1.0.31
211 silly idealTree:prePrune +-- pg-query-stream@0.7.0
211 silly idealTree:prePrune +-- pg-types@1.11.0
211 silly idealTree:prePrune +-- pg@4.5.5
211 silly idealTree:prePrune +-- pgpass@0.0.3
211 silly idealTree:prePrune +-- postgres-array@1.0.0
211 silly idealTree:prePrune +-- postgres-bytea@1.0.0
211 silly idealTree:prePrune +-- postgres-date@1.0.1
211 silly idealTree:prePrune +-- postgres-interval@1.0.2
211 silly idealTree:prePrune +-- proxy-addr@1.0.10
211 silly idealTree:prePrune +-- qs@4.0.0
211 silly idealTree:prePrune +-- range-parser@1.0.3
211 silly idealTree:prePrune +-- readable-stream@1.1.14
211 silly idealTree:prePrune +-- semver@4.3.6
211 silly idealTree:prePrune +-- send@0.13.0
211 silly idealTree:prePrune +-- serve-static@1.10.2
211 silly idealTree:prePrune | +-- depd@1.1.0
211 silly idealTree:prePrune | +-- destroy@1.0.4
211 silly idealTree:prePrune | +-- escape-html@1.0.3
211 silly idealTree:prePrune | `-- send@0.13.1
211 silly idealTree:prePrune +-- split@0.3.3
211 silly idealTree:prePrune +-- statuses@1.2.1
211 silly idealTree:prePrune +-- stream-spigot@3.0.5
211 silly idealTree:prePrune +-- string_decoder@0.10.31
211 silly idealTree:prePrune +-- strip-bom@2.0.0
211 silly idealTree:prePrune +-- through@2.3.8
211 silly idealTree:prePrune +-- type-is@1.6.12
211 silly idealTree:prePrune +-- underscore@1.8.3
211 silly idealTree:prePrune +-- unpipe@1.0.0
211 silly idealTree:prePrune +-- utils-merge@1.0.0
211 silly idealTree:prePrune +-- vary@1.0.1
211 silly idealTree:prePrune +-- wrappy@1.0.1
211 silly idealTree:prePrune `-- xtend@4.0.1
212 silly loadIdealTree Finishing
213 silly currentTree carcare@1.0.0
213 silly currentTree +-- accepts@1.2.13
213 silly currentTree +-- ap@0.2.0
213 silly currentTree +-- args-js@0.10.11
213 silly currentTree +-- array-flatten@1.1.1
213 silly currentTree +-- async@0.9.2
213 silly currentTree +-- balanced-match@0.4.1
213 silly currentTree +-- bindings@1.2.1
213 silly currentTree +-- brace-expansion@1.1.4
213 silly currentTree +-- buffer-writer@1.0.1
213 silly currentTree +-- clone@1.0.2
213 silly currentTree +-- commander@2.9.0
213 silly currentTree +-- concat-map@0.0.1
213 silly currentTree +-- content-disposition@0.5.0
213 silly currentTree +-- content-type@1.0.2
213 silly currentTree +-- cookie-signature@1.0.6
213 silly currentTree +-- cookie@0.1.3
213 silly currentTree +-- cool-ascii-faces@1.3.3
213 silly currentTree +-- core-util-is@1.0.2
213 silly currentTree +-- deasync@0.1.6
213 silly currentTree +-- debug@2.2.0
213 silly currentTree +-- depd@1.0.1
213 silly currentTree +-- destroy@1.0.3
213 silly currentTree +-- ee-first@1.1.1
213 silly currentTree +-- ejs@2.3.3
213 silly currentTree +-- escape-html@1.0.2
213 silly currentTree +-- etag@1.7.0
213 silly currentTree +-- express@4.13.3
213 silly currentTree +-- finalhandler@0.4.0
213 silly currentTree +-- forwarded@0.1.0
213 silly currentTree +-- fresh@0.3.0
213 silly currentTree +-- generic-pool@2.1.1
213 silly currentTree +-- glob@4.5.3
213 silly currentTree +-- graceful-readlink@1.0.1
213 silly currentTree +-- http-errors@1.3.1
213 silly currentTree +-- inflight@1.0.4
213 silly currentTree +-- inherits@2.0.1
213 silly currentTree +-- ipaddr.js@1.0.5
213 silly currentTree +-- is-utf8@0.2.1
213 silly currentTree +-- isarray@0.0.1
213 silly currentTree +-- massive@2.2.0
213 silly currentTree +-- media-typer@0.3.0
213 silly currentTree +-- merge-descriptors@1.0.0
213 silly currentTree +-- methods@1.1.2
213 silly currentTree +-- mime-db@1.23.0
213 silly currentTree +-- mime-types@2.1.11
213 silly currentTree +-- mime@1.3.4
213 silly currentTree +-- minimatch@2.0.10
213 silly currentTree +-- ms@0.7.1
213 silly currentTree +-- nan@2.3.3
213 silly currentTree +-- negotiator@0.5.3
213 silly currentTree +-- on-finished@2.3.0
213 silly currentTree +-- once@1.3.3
213 silly currentTree +-- packet-reader@0.2.0
213 silly currentTree +-- parseurl@1.3.1
213 silly currentTree +-- path-to-regexp@0.1.7
213 silly currentTree +-- pg-connection-string@0.1.3
213 silly currentTree +-- pg-cursor@1.0.0
213 silly currentTree +-- pg-query-stream@0.7.0
213 silly currentTree +-- pg-types@1.11.0
213 silly currentTree +-- pg@4.5.5
213 silly currentTree +-- pgpass@0.0.3
213 silly currentTree +-- postgres-array@1.0.0
213 silly currentTree +-- postgres-bytea@1.0.0
213 silly currentTree +-- postgres-date@1.0.1
213 silly currentTree +-- postgres-interval@1.0.2
213 silly currentTree +-- proxy-addr@1.0.10
213 silly currentTree +-- qs@4.0.0
213 silly currentTree +-- range-parser@1.0.3
213 silly currentTree +-- readable-stream@1.1.14
213 silly currentTree +-- semver@4.3.6
213 silly currentTree +-- send@0.13.0
213 silly currentTree +-- serve-static@1.10.2
213 silly currentTree | +-- depd@1.1.0
213 silly currentTree | +-- destroy@1.0.4
213 silly currentTree | +-- escape-html@1.0.3
213 silly currentTree | `-- send@0.13.1
213 silly currentTree +-- split@0.3.3
213 silly currentTree +-- statuses@1.2.1
213 silly currentTree +-- stream-spigot@3.0.5
213 silly currentTree +-- string_decoder@0.10.31
213 silly currentTree +-- strip-bom@2.0.0
213 silly currentTree +-- through@2.3.8
213 silly currentTree +-- type-is@1.6.12
213 silly currentTree +-- underscore@1.8.3
213 silly currentTree +-- unpipe@1.0.0
213 silly currentTree +-- utils-merge@1.0.0
213 silly currentTree +-- vary@1.0.1
213 silly currentTree +-- wrappy@1.0.1
213 silly currentTree `-- xtend@4.0.1
214 silly idealTree carcare@1.0.0
214 silly idealTree +-- accepts@1.2.13
214 silly idealTree +-- ap@0.2.0
214 silly idealTree +-- args-js@0.10.11
214 silly idealTree +-- array-flatten@1.1.1
214 silly idealTree +-- async@0.9.2
214 silly idealTree +-- balanced-match@0.4.1
214 silly idealTree +-- bindings@1.2.1
214 silly idealTree +-- brace-expansion@1.1.4
214 silly idealTree +-- buffer-writer@1.0.1
214 silly idealTree +-- clone@1.0.2
214 silly idealTree +-- commander@2.9.0
214 silly idealTree +-- concat-map@0.0.1
214 silly idealTree +-- content-disposition@0.5.0
214 silly idealTree +-- content-type@1.0.2
214 silly idealTree +-- cookie-signature@1.0.6
214 silly idealTree +-- cookie@0.1.3
214 silly idealTree +-- cool-ascii-faces@1.3.3
214 silly idealTree +-- core-util-is@1.0.2
214 silly idealTree +-- deasync@0.1.6
214 silly idealTree +-- debug@2.2.0
214 silly idealTree +-- depd@1.0.1
214 silly idealTree +-- destroy@1.0.3
214 silly idealTree +-- ee-first@1.1.1
214 silly idealTree +-- ejs@2.3.3
214 silly idealTree +-- escape-html@1.0.2
214 silly idealTree +-- etag@1.7.0
214 silly idealTree +-- express@4.13.3
214 silly idealTree +-- finalhandler@0.4.0
214 silly idealTree +-- forwarded@0.1.0
214 silly idealTree +-- fresh@0.3.0
214 silly idealTree +-- generic-pool@2.1.1
214 silly idealTree +-- glob@4.5.3
214 silly idealTree +-- graceful-readlink@1.0.1
214 silly idealTree +-- http-errors@1.3.1
214 silly idealTree +-- inflight@1.0.4
214 silly idealTree +-- inherits@2.0.1
214 silly idealTree +-- ipaddr.js@1.0.5
214 silly idealTree +-- is-utf8@0.2.1
214 silly idealTree +-- isarray@0.0.1
214 silly idealTree +-- libpq@1.8.2
214 silly idealTree +-- massive@2.2.0
214 silly idealTree +-- media-typer@0.3.0
214 silly idealTree +-- merge-descriptors@1.0.0
214 silly idealTree +-- methods@1.1.2
214 silly idealTree +-- mime-db@1.23.0
214 silly idealTree +-- mime-types@2.1.11
214 silly idealTree +-- mime@1.3.4
214 silly idealTree +-- minimatch@2.0.10
214 silly idealTree +-- ms@0.7.1
214 silly idealTree +-- nan@2.3.3
214 silly idealTree +-- negotiator@0.5.3
214 silly idealTree +-- on-finished@2.3.0
214 silly idealTree +-- once@1.3.3
214 silly idealTree +-- packet-reader@0.2.0
214 silly idealTree +-- parseurl@1.3.1
214 silly idealTree +-- path-to-regexp@0.1.7
214 silly idealTree +-- pg-connection-string@0.1.3
214 silly idealTree +-- pg-cursor@1.0.0
214 silly idealTree +-- pg-native@1.10.0
214 silly idealTree | +-- pg-types@1.6.0
214 silly idealTree | `-- readable-stream@1.0.31
214 silly idealTree +-- pg-query-stream@0.7.0
214 silly idealTree +-- pg-types@1.11.0
214 silly idealTree +-- pg@4.5.5
214 silly idealTree +-- pgpass@0.0.3
214 silly idealTree +-- postgres-array@1.0.0
214 silly idealTree +-- postgres-bytea@1.0.0
214 silly idealTree +-- postgres-date@1.0.1
214 silly idealTree +-- postgres-interval@1.0.2
214 silly idealTree +-- proxy-addr@1.0.10
214 silly idealTree +-- qs@4.0.0
214 silly idealTree +-- range-parser@1.0.3
214 silly idealTree +-- readable-stream@1.1.14
214 silly idealTree +-- semver@4.3.6
214 silly idealTree +-- send@0.13.0
214 silly idealTree +-- serve-static@1.10.2
214 silly idealTree | +-- depd@1.1.0
214 silly idealTree | +-- destroy@1.0.4
214 silly idealTree | +-- escape-html@1.0.3
214 silly idealTree | `-- send@0.13.1
214 silly idealTree +-- split@0.3.3
214 silly idealTree +-- statuses@1.2.1
214 silly idealTree +-- stream-spigot@3.0.5
214 silly idealTree +-- string_decoder@0.10.31
214 silly idealTree +-- strip-bom@2.0.0
214 silly idealTree +-- through@2.3.8
214 silly idealTree +-- type-is@1.6.12
214 silly idealTree +-- underscore@1.8.3
214 silly idealTree +-- unpipe@1.0.0
214 silly idealTree +-- utils-merge@1.0.0
214 silly idealTree +-- vary@1.0.1
214 silly idealTree +-- wrappy@1.0.1
214 silly idealTree `-- xtend@4.0.1
215 silly generateActionsToTake Starting
216 silly install generateActionsToTake
217 silly generateActionsToTake Finishing
218 silly diffTrees action count 5
219 silly diffTrees add libpq@1.8.2
220 silly diffTrees update pg@4.5.5
221 silly diffTrees add pg-types@1.6.0
222 silly diffTrees add readable-stream@1.0.31
223 silly diffTrees add pg-native@1.10.0
224 silly decomposeActions action count 40
225 silly decomposeActions fetch libpq@1.8.2
226 silly decomposeActions extract libpq@1.8.2
227 silly decomposeActions test libpq@1.8.2
228 silly decomposeActions preinstall libpq@1.8.2
229 silly decomposeActions build libpq@1.8.2
230 silly decomposeActions install libpq@1.8.2
231 silly decomposeActions postinstall libpq@1.8.2
232 silly decomposeActions finalize libpq@1.8.2
233 silly decomposeActions fetch pg@4.5.5
234 silly decomposeActions extract pg@4.5.5
235 silly decomposeActions test pg@4.5.5
236 silly decomposeActions preinstall pg@4.5.5
237 silly decomposeActions build pg@4.5.5
238 silly decomposeActions install pg@4.5.5
239 silly decomposeActions postinstall pg@4.5.5
240 silly decomposeActions finalize pg@4.5.5
241 silly decomposeActions fetch pg-types@1.6.0
242 silly decomposeActions extract pg-types@1.6.0
243 silly decomposeActions test pg-types@1.6.0
244 silly decomposeActions preinstall pg-types@1.6.0
245 silly decomposeActions build pg-types@1.6.0
246 silly decomposeActions install pg-types@1.6.0
247 silly decomposeActions postinstall pg-types@1.6.0
248 silly decomposeActions finalize pg-types@1.6.0
249 silly decomposeActions fetch readable-stream@1.0.31
250 silly decomposeActions extract readable-stream@1.0.31
251 silly decomposeActions test readable-stream@1.0.31
252 silly decomposeActions preinstall readable-stream@1.0.31
253 silly decomposeActions build readable-stream@1.0.31
254 silly decomposeActions install readable-stream@1.0.31
255 silly decomposeActions postinstall readable-stream@1.0.31
256 silly decomposeActions finalize readable-stream@1.0.31
257 silly decomposeActions fetch pg-native@1.10.0
258 silly decomposeActions extract pg-native@1.10.0
259 silly decomposeActions test pg-native@1.10.0
260 silly decomposeActions preinstall pg-native@1.10.0
261 silly decomposeActions build pg-native@1.10.0
262 silly decomposeActions install pg-native@1.10.0
263 silly decomposeActions postinstall pg-native@1.10.0
264 silly decomposeActions finalize pg-native@1.10.0
265 silly executeActions Starting
266 silly install executeActions
267 silly doSerial global-install 0
268 silly doParallel fetch 5
269 verbose correctMkdir C:\Users\Jose\AppData\Roaming\npm-cache\_locks correctMkdir not in flight; initializing
270 verbose lock using C:\Users\Jose\AppData\Roaming\npm-cache\_locks\staging-6d9a9f5f8acc488b.lock for C:\Users\Jose\CarCare\NodeCarCare\node_modules\.staging
271 silly doParallel extract 5
272 silly extract libpq@1.8.2
273 silly extract pg@4.5.5
274 silly extract pg-types@1.6.0
275 silly extract readable-stream@1.0.31
276 silly extract pg-native@1.10.0
277 verbose unbuild node_modules\.staging\pg-cf5a3601
278 verbose unbuild node_modules\.staging\pg-types-c4800088
279 verbose unbuild node_modules\.staging\pg-native-46dc8c44
280 silly gentlyRm C:\Users\Jose\CarCare\NodeCarCare\node_modules\.staging\pg-cf5a3601 is being purged from base C:\Users\Jose\CarCare\NodeCarCare
281 verbose gentlyRm don't care about contents; nuking C:\Users\Jose\CarCare\NodeCarCare\node_modules\.staging\pg-cf5a3601
282 silly gentlyRm C:\Users\Jose\CarCare\NodeCarCare\node_modules\.staging\pg-types-c4800088 is being purged from base C:\Users\Jose\CarCare\NodeCarCare
283 verbose gentlyRm don't care about contents; nuking C:\Users\Jose\CarCare\NodeCarCare\node_modules\.staging\pg-types-c4800088
284 silly gentlyRm C:\Users\Jose\CarCare\NodeCarCare\node_modules\.staging\pg-native-46dc8c44 is being purged from base C:\Users\Jose\CarCare\NodeCarCare
285 verbose gentlyRm don't care about contents; nuking C:\Users\Jose\CarCare\NodeCarCare\node_modules\.staging\pg-native-46dc8c44
286 verbose tar unpack C:\Users\Jose\AppData\Roaming\npm-cache\pg\4.5.5\package.tgz
287 verbose tar unpacking to C:\Users\Jose\CarCare\NodeCarCare\node_modules\.staging\pg-cf5a3601
288 silly gentlyRm C:\Users\Jose\CarCare\NodeCarCare\node_modules\.staging\pg-cf5a3601 is being purged
289 verbose gentlyRm don't care about contents; nuking C:\Users\Jose\CarCare\NodeCarCare\node_modules\.staging\pg-cf5a3601
290 verbose tar unpack C:\Users\Jose\AppData\Roaming\npm-cache\pg-types\1.6.0\package.tgz
291 verbose tar unpacking to C:\Users\Jose\CarCare\NodeCarCare\node_modules\.staging\pg-types-c4800088
292 silly gentlyRm C:\Users\Jose\CarCare\NodeCarCare\node_modules\.staging\pg-types-c4800088 is being purged
293 verbose gentlyRm don't care about contents; nuking C:\Users\Jose\CarCare\NodeCarCare\node_modules\.staging\pg-types-c4800088
294 verbose tar unpack C:\Users\Jose\AppData\Roaming\npm-cache\pg-native\1.10.0\package.tgz
295 verbose tar unpacking to C:\Users\Jose\CarCare\NodeCarCare\node_modules\.staging\pg-native-46dc8c44
296 silly gentlyRm C:\Users\Jose\CarCare\NodeCarCare\node_modules\.staging\pg-native-46dc8c44 is being purged
297 verbose gentlyRm don't care about contents; nuking C:\Users\Jose\CarCare\NodeCarCare\node_modules\.staging\pg-native-46dc8c44
298 verbose unbuild node_modules\.staging\readable-stream-988c29a2
299 silly gunzTarPerm modes [ '777', '666' ]
300 silly gunzTarPerm modes [ '777', '666' ]
301 silly gunzTarPerm modes [ '777', '666' ]
302 verbose unbuild node_modules\.staging\libpq-d4feeaaa
303 silly gentlyRm C:\Users\Jose\CarCare\NodeCarCare\node_modules\.staging\readable-stream-988c29a2 is being purged from base C:\Users\Jose\CarCare\NodeCarCare
304 verbose gentlyRm don't care about contents; nuking C:\Users\Jose\CarCare\NodeCarCare\node_modules\.staging\readable-stream-988c29a2
305 silly gentlyRm C:\Users\Jose\CarCare\NodeCarCare\node_modules\.staging\libpq-d4feeaaa is being purged from base C:\Users\Jose\CarCare\NodeCarCare
306 verbose gentlyRm don't care about contents; nuking C:\Users\Jose\CarCare\NodeCarCare\node_modules\.staging\libpq-d4feeaaa
307 verbose tar unpack C:\Users\Jose\AppData\Roaming\npm-cache\readable-stream\1.0.31\package.tgz
308 verbose tar unpacking to C:\Users\Jose\CarCare\NodeCarCare\node_modules\.staging\readable-stream-988c29a2
309 silly gentlyRm C:\Users\Jose\CarCare\NodeCarCare\node_modules\.staging\readable-stream-988c29a2 is being purged
310 verbose gentlyRm don't care about contents; nuking C:\Users\Jose\CarCare\NodeCarCare\node_modules\.staging\readable-stream-988c29a2
311 verbose tar unpack C:\Users\Jose\AppData\Roaming\npm-cache\libpq\1.8.2\package.tgz
312 verbose tar unpacking to C:\Users\Jose\CarCare\NodeCarCare\node_modules\.staging\libpq-d4feeaaa
313 silly gentlyRm C:\Users\Jose\CarCare\NodeCarCare\node_modules\.staging\libpq-d4feeaaa is being purged
314 verbose gentlyRm don't care about contents; nuking C:\Users\Jose\CarCare\NodeCarCare\node_modules\.staging\libpq-d4feeaaa
315 silly gunzTarPerm modes [ '777', '666' ]
316 silly gunzTarPerm modes [ '777', '666' ]
317 silly gunzTarPerm extractEntry package.json
318 silly gunzTarPerm modified mode [ 'package.json', 420, 438 ]
319 silly gunzTarPerm extractEntry package.json
320 silly gunzTarPerm modified mode [ 'package.json', 420, 438 ]
321 silly gunzTarPerm extractEntry package.json
322 silly gunzTarPerm modified mode [ 'package.json', 420, 438 ]
323 silly gunzTarPerm extractEntry .npmignore
324 silly gunzTarPerm modified mode [ '.npmignore', 420, 438 ]
325 silly gunzTarPerm extractEntry README.md
326 silly gunzTarPerm modified mode [ 'README.md', 420, 438 ]
327 silly gunzTarPerm extractEntry .npmignore
328 silly gunzTarPerm modified mode [ '.npmignore', 420, 438 ]
329 silly gunzTarPerm extractEntry README.md
330 silly gunzTarPerm modified mode [ 'README.md', 420, 438 ]
331 silly gunzTarPerm extractEntry package.json
332 silly gunzTarPerm modified mode [ 'package.json', 420, 438 ]
333 silly gunzTarPerm extractEntry package.json
334 silly gunzTarPerm modified mode [ 'package.json', 436, 438 ]
335 silly gunzTarPerm extractEntry .npmignore
336 silly gunzTarPerm modified mode [ '.npmignore', 420, 438 ]
337 silly gunzTarPerm extractEntry README.md
338 silly gunzTarPerm modified mode [ 'README.md', 420, 438 ]
339 silly gunzTarPerm extractEntry .npmignore
340 silly gunzTarPerm modified mode [ '.npmignore', 420, 438 ]
341 silly gunzTarPerm extractEntry README.md
342 silly gunzTarPerm modified mode [ 'README.md', 420, 438 ]
343 silly gunzTarPerm extractEntry .npmignore
344 silly gunzTarPerm modified mode [ '.npmignore', 420, 438 ]
345 silly gunzTarPerm extractEntry README.md
346 silly gunzTarPerm modified mode [ 'README.md', 436, 438 ]
347 silly gunzTarPerm extractEntry index.js
348 silly gunzTarPerm modified mode [ 'index.js', 420, 438 ]
349 silly gunzTarPerm extractEntry .travis.yml
350 silly gunzTarPerm modified mode [ '.travis.yml', 420, 438 ]
351 silly gunzTarPerm extractEntry .travis.yml
352 silly gunzTarPerm modified mode [ '.travis.yml', 420, 438 ]
353 silly gunzTarPerm extractEntry Makefile
354 silly gunzTarPerm modified mode [ 'Makefile', 420, 438 ]
355 silly gunzTarPerm extractEntry index.js
356 silly gunzTarPerm modified mode [ 'index.js', 420, 438 ]
357 silly gunzTarPerm extractEntry bench/index.js
358 silly gunzTarPerm modified mode [ 'bench/index.js', 420, 438 ]
359 silly gunzTarPerm extractEntry bench/leaks.js
360 silly gunzTarPerm modified mode [ 'bench/leaks.js', 420, 438 ]
361 silly gunzTarPerm extractEntry .travis.yml
362 silly gunzTarPerm modified mode [ '.travis.yml', 420, 438 ]
363 silly gunzTarPerm extractEntry Makefile
364 silly gunzTarPerm modified mode [ 'Makefile', 420, 438 ]
365 silly gunzTarPerm extractEntry lib/copy-stream.js
366 silly gunzTarPerm modified mode [ 'lib/copy-stream.js', 420, 438 ]
367 silly gunzTarPerm extractEntry test/array-mode.js
368 silly gunzTarPerm modified mode [ 'test/array-mode.js', 420, 438 ]
369 silly gunzTarPerm extractEntry test/custom-types.js
370 silly gunzTarPerm modified mode [ 'test/custom-types.js', 420, 438 ]
371 silly gunzTarPerm extractEntry test/domains.js
372 silly gunzTarPerm modified mode [ 'test/domains.js', 420, 438 ]
373 silly gunzTarPerm extractEntry test/huge-query.js
374 silly gunzTarPerm modified mode [ 'test/huge-query.js', 420, 438 ]
375 silly gunzTarPerm extractEntry test/copy-to.js
376 silly gunzTarPerm modified mode [ 'test/copy-to.js', 420, 438 ]
377 silly gunzTarPerm extractEntry test/async-workflow.js
378 silly gunzTarPerm modified mode [ 'test/async-workflow.js', 420, 438 ]
379 silly gunzTarPerm extractEntry test/many-connections.js
380 silly gunzTarPerm modified mode [ 'test/many-connections.js', 420, 438 ]
381 silly gunzTarPerm extractEntry test/many-errors.js
382 silly gunzTarPerm modified mode [ 'test/many-errors.js', 420, 438 ]
383 silly gunzTarPerm extractEntry test/query-sync.js
384 silly gunzTarPerm modified mode [ 'test/query-sync.js', 420, 438 ]
385 silly gunzTarPerm extractEntry test/multiple-queries.js
386 silly gunzTarPerm modified mode [ 'test/multiple-queries.js', 420, 438 ]
387 silly gunzTarPerm extractEntry test/copy-from.js
388 silly gunzTarPerm modified mode [ 'test/copy-from.js', 420, 438 ]
389 silly gunzTarPerm extractEntry test/notify.js
390 silly gunzTarPerm modified mode [ 'test/notify.js', 420, 438 ]
391 silly gunzTarPerm extractEntry test/connection.js
392 silly gunzTarPerm modified mode [ 'test/connection.js', 420, 438 ]
393 silly gunzTarPerm extractEntry test/prepare.js
394 silly gunzTarPerm modified mode [ 'test/prepare.js', 420, 438 ]
395 silly gunzTarPerm extractEntry test/cancel.js
396 silly gunzTarPerm modified mode [ 'test/cancel.js', 420, 438 ]
397 silly gunzTarPerm extractEntry test/query-async.js
398 silly gunzTarPerm modified mode [ 'test/query-async.js', 420, 438 ]
399 silly gunzTarPerm extractEntry test/index.js
400 silly gunzTarPerm modified mode [ 'test/index.js', 420, 438 ]
401 silly gunzTarPerm extractEntry test/version.js
402 silly gunzTarPerm modified mode [ 'test/version.js', 420, 438 ]
403 silly gunzTarPerm extractEntry test/load.js
404 silly gunzTarPerm modified mode [ 'test/load.js', 420, 438 ]
405 silly gunzTarPerm extractEntry test/mocha.opts
406 silly gunzTarPerm modified mode [ 'test/mocha.opts', 420, 438 ]
407 silly gunzTarPerm extractEntry index.js
408 silly gunzTarPerm modified mode [ 'index.js', 420, 438 ]
409 silly gunzTarPerm extractEntry LICENSE
410 silly gunzTarPerm modified mode [ 'LICENSE', 436, 438 ]
411 silly gunzTarPerm extractEntry transform.js
412 silly gunzTarPerm modified mode [ 'transform.js', 420, 438 ]
413 silly gunzTarPerm extractEntry Makefile
414 silly gunzTarPerm modified mode [ 'Makefile', 420, 438 ]
415 silly gunzTarPerm extractEntry lib/arrayParser.js
416 silly gunzTarPerm modified mode [ 'lib/arrayParser.js', 420, 438 ]
417 silly gunzTarPerm extractEntry NEWS.md
418 silly gunzTarPerm modified mode [ 'NEWS.md', 420, 438 ]
419 silly gunzTarPerm extractEntry lib/client.js
420 silly gunzTarPerm modified mode [ 'lib/client.js', 420, 438 ]
421 silly gunzTarPerm extractEntry lib/connection.js
422 silly gunzTarPerm modified mode [ 'lib/connection.js', 420, 438 ]
423 silly gunzTarPerm extractEntry lib/defaults.js
424 silly gunzTarPerm modified mode [ 'lib/defaults.js', 420, 438 ]
425 silly gunzTarPerm extractEntry lib/index.js
426 silly gunzTarPerm modified mode [ 'lib/index.js', 420, 438 ]
427 silly gunzTarPerm extractEntry lib/connection-parameters.js
428 silly gunzTarPerm modified mode [ 'lib/connection-parameters.js', 420, 438 ]
429 silly gunzTarPerm extractEntry lib/pool.js
430 silly gunzTarPerm modified mode [ 'lib/pool.js', 420, 438 ]
431 silly gunzTarPerm extractEntry lib/query.js
432 silly gunzTarPerm modified mode [ 'lib/query.js', 420, 438 ]
433 silly gunzTarPerm extractEntry lib/result.js
434 silly gunzTarPerm modified mode [ 'lib/result.js', 420, 438 ]
435 silly gunzTarPerm extractEntry lib/type-overrides.js
436 silly gunzTarPerm modified mode [ 'lib/type-overrides.js', 420, 438 ]
437 silly gunzTarPerm extractEntry lib/utils.js
438 silly gunzTarPerm modified mode [ 'lib/utils.js', 420, 438 ]
439 silly gunzTarPerm extractEntry lib/native/index.js
440 silly gunzTarPerm modified mode [ 'lib/native/index.js', 420, 438 ]
441 silly gunzTarPerm extractEntry lib/native/query.js
442 silly gunzTarPerm modified mode [ 'lib/native/query.js', 420, 438 ]
443 silly gunzTarPerm extractEntry lib/native/result.js
444 silly gunzTarPerm modified mode [ 'lib/native/result.js', 420, 438 ]
445 silly gunzTarPerm extractEntry script/create-test-tables.js
446 silly gunzTarPerm modified mode [ 'script/create-test-tables.js', 420, 438 ]
447 silly gunzTarPerm extractEntry script/dump-db-types.js
448 silly gunzTarPerm modified mode [ 'script/dump-db-types.js', 420, 438 ]
449 silly gunzTarPerm extractEntry script/list-db-types.js
450 silly gunzTarPerm modified mode [ 'script/list-db-types.js', 420, 438 ]
451 silly gunzTarPerm extractEntry script/test-connection.js
452 silly gunzTarPerm modified mode [ 'script/test-connection.js', 420, 438 ]
453 silly gunzTarPerm extractEntry .jshintrc
454 silly gunzTarPerm modified mode [ '.jshintrc', 420, 438 ]
455 silly gunzTarPerm extractEntry test/buffer-list.js
456 silly gunzTarPerm modified mode [ 'test/buffer-list.js', 420, 438 ]
457 silly gunzTarPerm extractEntry test/cli.js
458 silly gunzTarPerm modified mode [ 'test/cli.js', 420, 438 ]
459 silly gunzTarPerm extractEntry test/test-buffers.js
460 silly gunzTarPerm modified mode [ 'test/test-buffers.js', 420, 438 ]
461 silly gunzTarPerm extractEntry test/test-helper.js
462 silly gunzTarPerm modified mode [ 'test/test-helper.js', 420, 438 ]
463 silly gunzTarPerm extractEntry test/integration/domain-tests.js
464 silly gunzTarPerm modified mode [ 'test/integration/domain-tests.js', 420, 438 ]
465 silly gunzTarPerm extractEntry test/integration/test-helper.js
466 silly gunzTarPerm modified mode [ 'test/integration/test-helper.js', 420, 438 ]
467 silly gunzTarPerm extractEntry test/integration/client/api-tests.js
468 silly gunzTarPerm modified mode [ 'test/integration/client/api-tests.js', 420, 438 ]
469 silly gunzTarPerm extractEntry test/integration/client/huge-numeric-tests.js
470 silly gunzTarPerm modified mode [ 'test/integration/client/huge-numeric-tests.js', 420, 438 ]
471 silly gunzTarPerm extractEntry test/integration/client/json-type-parsing-tests.js
472 silly gunzTarPerm modified mode [ 'test/integration/client/json-type-parsing-tests.js',
472 silly gunzTarPerm   420,
472 silly gunzTarPerm   438 ]
473 silly gunzTarPerm extractEntry test/integration/client/no-data-tests.js
474 silly gunzTarPerm modified mode [ 'test/integration/client/no-data-tests.js', 420, 438 ]
475 silly gunzTarPerm extractEntry test/integration/client/no-row-result-tests.js
476 silly gunzTarPerm modified mode [ 'test/integration/client/no-row-result-tests.js', 420, 438 ]
477 silly gunzTarPerm extractEntry test/integration/client/type-coercion-tests.js
478 silly gunzTarPerm modified mode [ 'test/integration/client/type-coercion-tests.js', 420, 438 ]
479 silly gunzTarPerm extractEntry test/integration/client/parse-int-8-tests.js
480 silly gunzTarPerm modified mode [ 'test/integration/client/parse-int-8-tests.js', 420, 438 ]
481 silly gunzTarPerm extractEntry test/integration/client/prepared-statement-tests.js
482 silly gunzTarPerm modified mode [ 'test/integration/client/prepared-statement-tests.js',
482 silly gunzTarPerm   420,
482 silly gunzTarPerm   438 ]
483 silly gunzTarPerm extractEntry test/integration/client/query-callback-error-tests.js
484 silly gunzTarPerm modified mode [ 'test/integration/client/query-callback-error-tests.js',
484 silly gunzTarPerm   420,
484 silly gunzTarPerm   438 ]
485 silly gunzTarPerm extractEntry test/integration/client/query-column-names-tests.js
486 silly gunzTarPerm modified mode [ 'test/integration/client/query-column-names-tests.js',
486 silly gunzTarPerm   420,
486 silly gunzTarPerm   438 ]
487 silly gunzTarPerm extractEntry test/integration/client/query-error-handling-prepared-statement-tests.js
488 silly gunzTarPerm modified mode [ 'test/integration/client/query-error-handling-prepared-statement-tests.js',
488 silly gunzTarPerm   420,
488 silly gunzTarPerm   438 ]
489 silly gunzTarPerm extractEntry test/integration/client/heroku-ssl-tests.js
490 silly gunzTarPerm modified mode [ 'test/integration/client/heroku-ssl-tests.js', 420, 438 ]
491 silly gunzTarPerm extractEntry test/integration/client/query-error-handling-tests.js
492 silly gunzTarPerm modified mode [ 'test/integration/client/query-error-handling-tests.js',
492 silly gunzTarPerm   420,
492 silly gunzTarPerm   438 ]
493 silly gunzTarPerm extractEntry test/integration/client/heroku-pgpass-tests.js
494 silly gunzTarPerm modified mode [ 'test/integration/client/heroku-pgpass-tests.js', 420, 438 ]
495 silly gunzTarPerm extractEntry test/integration/client/quick-disconnect-tests.js
496 silly gunzTarPerm modified mode [ 'test/integration/client/quick-disconnect-tests.js', 420, 438 ]
497 silly gunzTarPerm extractEntry test/integration/client/force-native-with-envvar-tests.js
498 silly gunzTarPerm modified mode [ 'test/integration/client/force-native-with-envvar-tests.js',
498 silly gunzTarPerm   420,
498 silly gunzTarPerm   438 ]
499 silly gunzTarPerm extractEntry test/integration/client/result-metadata-tests.js
500 silly gunzTarPerm modified mode [ 'test/integration/client/result-metadata-tests.js', 420, 438 ]
501 silly gunzTarPerm extractEntry test/integration/client/error-handling-tests.js
502 silly gunzTarPerm modified mode [ 'test/integration/client/error-handling-tests.js', 420, 438 ]
503 silly gunzTarPerm extractEntry test/integration/client/results-as-array-tests.js
504 silly gunzTarPerm modified mode [ 'test/integration/client/results-as-array-tests.js', 420, 438 ]
505 silly gunzTarPerm extractEntry test/integration/client/empty-query-tests.js
506 silly gunzTarPerm modified mode [ 'test/integration/client/empty-query-tests.js', 420, 438 ]
507 silly gunzTarPerm extractEntry test/integration/client/row-description-on-results-tests.js
508 silly gunzTarPerm modified mode [ 'test/integration/client/row-description-on-results-tests.js',
508 silly gunzTarPerm   420,
508 silly gunzTarPerm   438 ]
509 silly gunzTarPerm extractEntry test/integration/client/custom-types-tests.js
510 silly gunzTarPerm modified mode [ 'test/integration/client/custom-types-tests.js', 420, 438 ]
511 silly gunzTarPerm extractEntry test/integration/client/simple-query-tests.js
512 silly gunzTarPerm modified mode [ 'test/integration/client/simple-query-tests.js', 420, 438 ]
513 silly gunzTarPerm extractEntry test/integration/client/configuration-tests.js
514 silly gunzTarPerm modified mode [ 'test/integration/client/configuration-tests.js', 420, 438 ]
515 silly gunzTarPerm extractEntry test/integration/client/ssl-tests.js
516 silly gunzTarPerm modified mode [ 'test/integration/client/ssl-tests.js', 420, 438 ]
517 silly gunzTarPerm extractEntry test/integration/client/cancel-query-tests.js
518 silly gunzTarPerm modified mode [ 'test/integration/client/cancel-query-tests.js', 420, 438 ]
519 silly gunzTarPerm extractEntry test/integration/client/test-helper.js
520 silly gunzTarPerm modified mode [ 'test/integration/client/test-helper.js', 420, 438 ]
521 silly gunzTarPerm extractEntry test/integration/client/big-simple-query-tests.js
522 silly gunzTarPerm modified mode [ 'test/integration/client/big-simple-query-tests.js', 420, 438 ]
523 silly gunzTarPerm extractEntry test/integration/client/timezone-tests.js
524 silly gunzTarPerm modified mode [ 'test/integration/client/timezone-tests.js', 420, 438 ]
525 silly gunzTarPerm extractEntry test/integration/client/array-tests.js
526 silly gunzTarPerm modified mode [ 'test/integration/client/array-tests.js', 420, 438 ]
527 silly gunzTarPerm extractEntry test/integration/client/transaction-tests.js
528 silly gunzTarPerm modified mode [ 'test/integration/client/transaction-tests.js', 420, 438 ]
529 silly gunzTarPerm extractEntry test/integration/client/appname-tests.js
530 silly gunzTarPerm modified mode [ 'test/integration/client/appname-tests.js', 420, 438 ]
531 silly gunzTarPerm extractEntry test/integration/client/type-parser-override-tests.js
532 silly gunzTarPerm modified mode [ 'test/integration/client/type-parser-override-tests.js',
532 silly gunzTarPerm   420,
532 silly gunzTarPerm   438 ]
533 silly gunzTarPerm extractEntry test/integration/client/notice-tests.js
534 silly gunzTarPerm modified mode [ 'test/integration/client/notice-tests.js', 420, 438 ]
535 silly gunzTarPerm extractEntry test/integration/client/heroku.pgpass
536 silly gunzTarPerm modified mode [ 'test/integration/client/heroku.pgpass', 384, 438 ]
537 silly gunzTarPerm extractEntry test/integration/connection/bound-command-tests.js
538 silly gunzTarPerm modified mode [ 'test/integration/connection/bound-command-tests.js',
538 silly gunzTarPerm   420,
538 silly gunzTarPerm   438 ]
539 silly gunzTarPerm extractEntry test/integration/connection/copy-tests.js
540 silly gunzTarPerm modified mode [ 'test/integration/connection/copy-tests.js', 420, 438 ]
541 silly gunzTarPerm extractEntry test/integration/connection/notification-tests.js
542 silly gunzTarPerm modified mode [ 'test/integration/connection/notification-tests.js', 420, 438 ]
543 silly gunzTarPerm extractEntry test/integration/connection/query-tests.js
544 silly gunzTarPerm modified mode [ 'test/integration/connection/query-tests.js', 420, 438 ]
545 silly gunzTarPerm extractEntry test/integration/connection/test-helper.js
546 silly gunzTarPerm modified mode [ 'test/integration/connection/test-helper.js', 420, 438 ]
547 silly gunzTarPerm extractEntry test/integration/connection-pool/double-connection-tests.js
548 silly gunzTarPerm modified mode [ 'test/integration/connection-pool/double-connection-tests.js',
548 silly gunzTarPerm   420,
548 silly gunzTarPerm   438 ]
549 silly gunzTarPerm extractEntry test/integration/connection-pool/ending-empty-pool-tests.js
550 silly gunzTarPerm modified mode [ 'test/integration/connection-pool/ending-empty-pool-tests.js',
550 silly gunzTarPerm   420,
550 silly gunzTarPerm   438 ]
551 silly gunzTarPerm extractEntry test/integration/connection-pool/ending-pool-tests.js
552 silly gunzTarPerm modified mode [ 'test/integration/connection-pool/ending-pool-tests.js',
552 silly gunzTarPerm   420,
552 silly gunzTarPerm   438 ]
553 silly gunzTarPerm extractEntry test/integration/connection-pool/error-tests.js
554 silly gunzTarPerm modified mode [ 'test/integration/connection-pool/error-tests.js', 420, 438 ]
555 silly gunzTarPerm extractEntry test/integration/connection-pool/idle-timeout-tests.js
556 silly gunzTarPerm modified mode [ 'test/integration/connection-pool/idle-timeout-tests.js',
556 silly gunzTarPerm   420,
556 silly gunzTarPerm   438 ]
557 silly gunzTarPerm extractEntry test/integration/connection-pool/max-connection-tests.js
558 silly gunzTarPerm modified mode [ 'test/integration/connection-pool/max-connection-tests.js',
558 silly gunzTarPerm   420,
558 silly gunzTarPerm   438 ]
559 silly gunzTarPerm extractEntry test/integration/connection-pool/optional-config-tests.js
560 silly gunzTarPerm modified mode [ 'test/integration/connection-pool/optional-config-tests.js',
560 silly gunzTarPerm   420,
560 silly gunzTarPerm   438 ]
561 silly gunzTarPerm extractEntry test/integration/connection-pool/single-connection-tests.js
562 silly gunzTarPerm modified mode [ 'test/integration/connection-pool/single-connection-tests.js',
562 silly gunzTarPerm   420,
562 silly gunzTarPerm   438 ]
563 silly gunzTarPerm extractEntry test/integration/connection-pool/test-helper.js
564 silly gunzTarPerm modified mode [ 'test/integration/connection-pool/test-helper.js', 420, 438 ]
565 silly gunzTarPerm extractEntry test/integration/connection-pool/waiting-connection-tests.js
566 silly gunzTarPerm modified mode [ 'test/integration/connection-pool/waiting-connection-tests.js',
566 silly gunzTarPerm   420,
566 silly gunzTarPerm   438 ]
567 silly gunzTarPerm extractEntry test/integration/gh-issues/130-tests.js
568 silly gunzTarPerm modified mode [ 'test/integration/gh-issues/130-tests.js', 420, 438 ]
569 silly gunzTarPerm extractEntry test/integration/gh-issues/131-tests.js
570 silly gunzTarPerm modified mode [ 'test/integration/gh-issues/131-tests.js', 420, 438 ]
571 silly gunzTarPerm extractEntry test/integration/gh-issues/199-tests.js
572 silly gunzTarPerm modified mode [ 'test/integration/gh-issues/199-tests.js', 420, 438 ]
573 silly gunzTarPerm extractEntry test/integration/gh-issues/507-tests.js
574 silly gunzTarPerm modified mode [ 'test/integration/gh-issues/507-tests.js', 420, 438 ]
575 silly gunzTarPerm extractEntry test/integration/gh-issues/600-tests.js
576 silly gunzTarPerm modified mode [ 'test/integration/gh-issues/600-tests.js', 420, 438 ]
577 silly gunzTarPerm extractEntry test/integration/gh-issues/675-tests.js
578 silly gunzTarPerm modified mode [ 'test/integration/gh-issues/675-tests.js', 420, 438 ]
579 silly gunzTarPerm extractEntry test/integration/gh-issues/699-tests.js
580 silly gunzTarPerm modified mode [ 'test/integration/gh-issues/699-tests.js', 420, 438 ]
581 silly gunzTarPerm extractEntry test/integration/gh-issues/787-tests.js
582 silly gunzTarPerm modified mode [ 'test/integration/gh-issues/787-tests.js', 420, 438 ]
583 silly gunzTarPerm extractEntry test/integration/gh-issues/882-tests.js
584 silly gunzTarPerm modified mode [ 'test/integration/gh-issues/882-tests.js', 420, 438 ]
585 silly gunzTarPerm extractEntry test/integration/gh-issues/981-tests.js
586 silly gunzTarPerm modified mode [ 'test/integration/gh-issues/981-tests.js', 420, 438 ]
587 silly gunzTarPerm extractEntry test/native/callback-api-tests.js
588 silly gunzTarPerm modified mode [ 'test/native/callback-api-tests.js', 420, 438 ]
589 silly gunzTarPerm extractEntry test/native/connection-tests.js
590 silly gunzTarPerm modified mode [ 'test/native/connection-tests.js', 420, 438 ]
591 silly gunzTarPerm extractEntry test/native/error-tests.js
592 silly gunzTarPerm modified mode [ 'test/native/error-tests.js', 420, 438 ]
593 silly gunzTarPerm extractEntry test/native/evented-api-tests.js
594 silly gunzTarPerm modified mode [ 'test/native/evented-api-tests.js', 420, 438 ]
595 silly gunzTarPerm extractEntry test/native/missing-native.js
596 silly gunzTarPerm modified mode [ 'test/native/missing-native.js', 420, 438 ]
597 silly gunzTarPerm extractEntry test/native/stress-tests.js
598 silly gunzTarPerm modified mode [ 'test/native/stress-tests.js', 420, 438 ]
599 silly gunzTarPerm extractEntry test/unit/test-helper.js
600 silly gunzTarPerm modified mode [ 'test/unit/test-helper.js', 420, 438 ]
601 silly gunzTarPerm extractEntry test/unit/utils-tests.js
602 silly gunzTarPerm modified mode [ 'test/unit/utils-tests.js', 420, 438 ]
603 silly gunzTarPerm extractEntry test/unit/client/cleartext-password-tests.js
604 silly gunzTarPerm modified mode [ 'test/unit/client/cleartext-password-tests.js', 420, 438 ]
605 silly gunzTarPerm extractEntry test/unit/client/early-disconnect-tests.js
606 silly gunzTarPerm modified mode [ 'test/unit/client/early-disconnect-tests.js', 420, 438 ]
607 silly gunzTarPerm extractEntry test/unit/client/escape-tests.js
608 silly gunzTarPerm modified mode [ 'test/unit/client/escape-tests.js', 420, 438 ]
609 silly gunzTarPerm extractEntry test/unit/client/md5-password-tests.js
610 silly gunzTarPerm modified mode [ 'test/unit/client/md5-password-tests.js', 420, 438 ]
611 silly gunzTarPerm extractEntry test/unit/client/connection-string-tests.js
612 silly gunzTarPerm modified mode [ 'test/unit/client/connection-string-tests.js', 420, 438 ]
613 silly gunzTarPerm extractEntry test/unit/client/prepared-statement-tests.js
614 silly gunzTarPerm modified mode [ 'test/unit/client/prepared-statement-tests.js', 420, 438 ]
615 silly gunzTarPerm extractEntry test/unit/client/query-queue-tests.js
616 silly gunzTarPerm modified mode [ 'test/unit/client/query-queue-tests.js', 420, 438 ]
617 silly gunzTarPerm extractEntry test/unit/client/result-metadata-tests.js
618 silly gunzTarPerm modified mode [ 'test/unit/client/result-metadata-tests.js', 420, 438 ]
619 silly gunzTarPerm extractEntry test/unit/client/simple-query-tests.js
620 silly gunzTarPerm modified mode [ 'test/unit/client/simple-query-tests.js', 420, 438 ]
621 silly gunzTarPerm extractEntry test/unit/client/stream-and-query-error-interaction-tests.js
622 silly gunzTarPerm modified mode [ 'test/unit/client/stream-and-query-error-interaction-tests.js',
622 silly gunzTarPerm   420,
622 silly gunzTarPerm   438 ]
623 silly gunzTarPerm extractEntry test/unit/client/configuration-tests.js
624 silly gunzTarPerm modified mode [ 'test/unit/client/configuration-tests.js', 420, 438 ]
625 silly gunzTarPerm extractEntry test/unit/client/test-helper.js
626 silly gunzTarPerm modified mode [ 'test/unit/client/test-helper.js', 420, 438 ]
627 silly gunzTarPerm extractEntry test/unit/client/notification-tests.js
628 silly gunzTarPerm modified mode [ 'test/unit/client/notification-tests.js', 420, 438 ]
629 silly gunzTarPerm extractEntry test/unit/connection/error-tests.js
630 silly gunzTarPerm modified mode [ 'test/unit/connection/error-tests.js', 420, 438 ]
631 silly gunzTarPerm extractEntry test/unit/connection/inbound-parser-tests.js
632 silly gunzTarPerm modified mode [ 'test/unit/connection/inbound-parser-tests.js', 420, 438 ]
633 silly gunzTarPerm extractEntry test/unit/connection/outbound-sending-tests.js
634 silly gunzTarPerm modified mode [ 'test/unit/connection/outbound-sending-tests.js', 420, 438 ]
635 silly gunzTarPerm extractEntry test/unit/connection/startup-tests.js
636 silly gunzTarPerm modified mode [ 'test/unit/connection/startup-tests.js', 420, 438 ]
637 silly gunzTarPerm extractEntry test/unit/connection/test-helper.js
638 silly gunzTarPerm modified mode [ 'test/unit/connection/test-helper.js', 420, 438 ]
639 silly gunzTarPerm extractEntry test/unit/connection-parameters/creation-tests.js
640 silly gunzTarPerm modified mode [ 'test/unit/connection-parameters/creation-tests.js', 420, 438 ]
641 silly gunzTarPerm extractEntry test/unit/connection-parameters/environment-variable-tests.js
642 silly gunzTarPerm modified mode [ 'test/unit/connection-parameters/environment-variable-tests.js',
642 silly gunzTarPerm   420,
642 silly gunzTarPerm   438 ]
643 silly gunzTarPerm extractEntry test/unit/pool/basic-tests.js
644 silly gunzTarPerm modified mode [ 'test/unit/pool/basic-tests.js', 420, 438 ]
645 silly gunzTarPerm extractEntry test/unit/pool/timeout-tests.js
646 silly gunzTarPerm modified mode [ 'test/unit/pool/timeout-tests.js', 420, 438 ]
647 silly gunzTarPerm extractEntry binding.gyp
648 silly gunzTarPerm modified mode [ 'binding.gyp', 420, 438 ]
649 silly gunzTarPerm extractEntry .travis.yml
650 silly gunzTarPerm modified mode [ '.travis.yml', 420, 438 ]
651 silly gunzTarPerm extractEntry Makefile
652 silly gunzTarPerm modified mode [ 'Makefile', 420, 438 ]
653 silly gunzTarPerm extractEntry src/addon.cc
654 silly gunzTarPerm modified mode [ 'src/addon.cc', 420, 438 ]
655 silly gunzTarPerm extractEntry duplex.js
656 silly gunzTarPerm modified mode [ 'duplex.js', 420, 438 ]
657 silly gunzTarPerm extractEntry readable.js
658 silly gunzTarPerm modified mode [ 'readable.js', 436, 438 ]
659 silly gunzTarPerm extractEntry lib/binaryParsers.js
660 silly gunzTarPerm modified mode [ 'lib/binaryParsers.js', 420, 438 ]
661 silly gunzTarPerm extractEntry lib/textParsers.js
662 silly gunzTarPerm modified mode [ 'lib/textParsers.js', 420, 438 ]
663 silly gunzTarPerm extractEntry test/array.js
664 silly gunzTarPerm modified mode [ 'test/array.js', 420, 438 ]
665 silly gunzTarPerm extractEntry test/assert.js
666 silly gunzTarPerm modified mode [ 'test/assert.js', 420, 438 ]
667 silly gunzTarPerm extractEntry test/dates.js
668 silly gunzTarPerm modified mode [ 'test/dates.js', 420, 438 ]
669 silly gunzTarPerm extractEntry test/index.js
670 silly gunzTarPerm modified mode [ 'test/index.js', 420, 438 ]
671 silly gunzTarPerm extractEntry src/addon.h
672 silly gunzTarPerm modified mode [ 'src/addon.h', 420, 438 ]
673 silly gunzTarPerm extractEntry src/connect-async-worker.cc
674 silly gunzTarPerm modified mode [ 'src/connect-async-worker.cc', 420, 438 ]
675 silly gunzTarPerm extractEntry passthrough.js
676 silly gunzTarPerm modified mode [ 'passthrough.js', 420, 438 ]
677 silly gunzTarPerm extractEntry writable.js
678 silly gunzTarPerm modified mode [ 'writable.js', 420, 438 ]
679 silly gunzTarPerm extractEntry src/connect-async-worker.h
680 silly gunzTarPerm modified mode [ 'src/connect-async-worker.h', 420, 438 ]
681 silly gunzTarPerm extractEntry src/connection.cc
682 silly gunzTarPerm modified mode [ 'src/connection.cc', 420, 438 ]
683 silly gunzTarPerm extractEntry lib/_stream_duplex.js
684 silly gunzTarPerm modified mode [ 'lib/_stream_duplex.js', 436, 438 ]
685 silly gunzTarPerm extractEntry lib/_stream_passthrough.js
686 silly gunzTarPerm modified mode [ 'lib/_stream_passthrough.js', 436, 438 ]
687 silly gunzTarPerm extractEntry src/connection.h
688 silly gunzTarPerm modified mode [ 'src/connection.h', 420, 438 ]
689 silly gunzTarPerm extractEntry test/async-connection.js
690 silly gunzTarPerm modified mode [ 'test/async-connection.js', 420, 438 ]
691 silly gunzTarPerm extractEntry lib/_stream_readable.js
692 silly gunzTarPerm modified mode [ 'lib/_stream_readable.js', 436, 438 ]
693 silly gunzTarPerm extractEntry test/escaping.js
694 silly gunzTarPerm modified mode [ 'test/escaping.js', 420, 438 ]
695 silly gunzTarPerm extractEntry test/helper.js
696 silly gunzTarPerm modified mode [ 'test/helper.js', 420, 438 ]
697 silly gunzTarPerm extractEntry lib/_stream_transform.js
698 silly gunzTarPerm modified mode [ 'lib/_stream_transform.js', 436, 438 ]
699 silly gunzTarPerm extractEntry lib/_stream_writable.js
700 silly gunzTarPerm modified mode [ 'lib/_stream_writable.js', 436, 438 ]
701 silly gunzTarPerm extractEntry test/index.js
702 silly gunzTarPerm modified mode [ 'test/index.js', 420, 438 ]
703 silly gunzTarPerm extractEntry test/error-info.js
704 silly gunzTarPerm modified mode [ 'test/error-info.js', 420, 438 ]
705 silly gunzTarPerm extractEntry test/async-socket.js
706 silly gunzTarPerm modified mode [ 'test/async-socket.js', 420, 438 ]
707 silly gunzTarPerm extractEntry test/sync-prepare.js
708 silly gunzTarPerm modified mode [ 'test/sync-prepare.js', 420, 438 ]
709 silly gunzTarPerm extractEntry test/multiple-queries.js
710 silly gunzTarPerm modified mode [ 'test/multiple-queries.js', 420, 438 ]
711 silly gunzTarPerm extractEntry test/non-blocking-controls.js
712 silly gunzTarPerm modified mode [ 'test/non-blocking-controls.js', 420, 438 ]
713 silly gunzTarPerm extractEntry test/notification.js
714 silly gunzTarPerm modified mode [ 'test/notification.js', 420, 438 ]
715 silly gunzTarPerm extractEntry test/error-conditions.js
716 silly gunzTarPerm modified mode [ 'test/error-conditions.js', 420, 438 ]
717 silly gunzTarPerm extractEntry test/result-accessors.js
718 silly gunzTarPerm modified mode [ 'test/result-accessors.js', 420, 438 ]
719 silly gunzTarPerm extractEntry test/copy-out.js
720 silly gunzTarPerm modified mode [ 'test/copy-out.js', 420, 438 ]
721 silly gunzTarPerm extractEntry test/server-version.js
722 silly gunzTarPerm modified mode [ 'test/server-version.js', 420, 438 ]
723 silly gunzTarPerm extractEntry test/copy-in.js
724 silly gunzTarPerm modified mode [ 'test/copy-in.js', 420, 438 ]
725 silly gunzTarPerm extractEntry test/socket.js
726 silly gunzTarPerm modified mode [ 'test/socket.js', 420, 438 ]
727 silly gunzTarPerm extractEntry test/construction.js
728 silly gunzTarPerm modified mode [ 'test/construction.js', 420, 438 ]
729 silly gunzTarPerm extractEntry test/sync-integration.js
730 silly gunzTarPerm modified mode [ 'test/sync-integration.js', 420, 438 ]
731 silly gunzTarPerm extractEntry test/cancel.js
732 silly gunzTarPerm modified mode [ 'test/cancel.js', 420, 438 ]
733 silly gunzTarPerm extractEntry test/sync-parameters.js
734 silly gunzTarPerm modified mode [ 'test/sync-parameters.js', 420, 438 ]
735 silly gunzTarPerm extractEntry test/load.js
736 silly gunzTarPerm modified mode [ 'test/load.js', 420, 438 ]
737 silly gentlyRm C:\Users\Jose\CarCare\NodeCarCare\node_modules\.staging\pg-types-c4800088\node_modules is being purged
738 verbose gentlyRm don't care about contents; nuking C:\Users\Jose\CarCare\NodeCarCare\node_modules\.staging\pg-types-c4800088\node_modules
739 silly gunzTarPerm extractEntry test/sync.js
740 silly gunzTarPerm modified mode [ 'test/sync.js', 420, 438 ]
741 silly gunzTarPerm extractEntry test/many-connections.js
742 silly gunzTarPerm modified mode [ 'test/many-connections.js', 420, 438 ]
743 silly gunzTarPerm extractEntry test/mocha.opts
744 silly gunzTarPerm modified mode [ 'test/mocha.opts', 420, 438 ]
745 silly gentlyRm C:\Users\Jose\CarCare\NodeCarCare\node_modules\.staging\readable-stream-988c29a2\node_modules is being purged
746 verbose gentlyRm don't care about contents; nuking C:\Users\Jose\CarCare\NodeCarCare\node_modules\.staging\readable-stream-988c29a2\node_modules
747 silly gentlyRm C:\Users\Jose\CarCare\NodeCarCare\node_modules\.staging\pg-native-46dc8c44\node_modules is being purged
748 verbose gentlyRm don't care about contents; nuking C:\Users\Jose\CarCare\NodeCarCare\node_modules\.staging\pg-native-46dc8c44\node_modules
749 silly gentlyRm C:\Users\Jose\CarCare\NodeCarCare\node_modules\.staging\libpq-d4feeaaa\node_modules is being purged
750 verbose gentlyRm don't care about contents; nuking C:\Users\Jose\CarCare\NodeCarCare\node_modules\.staging\libpq-d4feeaaa\node_modules
751 silly gentlyRm C:\Users\Jose\CarCare\NodeCarCare\node_modules\.staging\pg-cf5a3601\node_modules is being purged
752 verbose gentlyRm don't care about contents; nuking C:\Users\Jose\CarCare\NodeCarCare\node_modules\.staging\pg-cf5a3601\node_modules
753 silly doParallel preinstall 5
754 silly preinstall libpq@1.8.2 C:\Users\Jose\CarCare\NodeCarCare\node_modules\.staging\libpq-d4feeaaa
755 info lifecycle libpq@1.8.2~preinstall: libpq@1.8.2
756 silly preinstall pg@4.5.5 C:\Users\Jose\CarCare\NodeCarCare\node_modules\.staging\pg-cf5a3601
757 info lifecycle pg@4.5.5~preinstall: pg@4.5.5
758 silly preinstall pg-types@1.6.0 C:\Users\Jose\CarCare\NodeCarCare\node_modules\.staging\pg-types-c4800088
759 info lifecycle pg-types@1.6.0~preinstall: pg-types@1.6.0
760 silly preinstall readable-stream@1.0.31 C:\Users\Jose\CarCare\NodeCarCare\node_modules\.staging\readable-stream-988c29a2
761 info lifecycle readable-stream@1.0.31~preinstall: readable-stream@1.0.31
762 silly preinstall pg-native@1.10.0 C:\Users\Jose\CarCare\NodeCarCare\node_modules\.staging\pg-native-46dc8c44
763 info lifecycle pg-native@1.10.0~preinstall: pg-native@1.10.0
764 silly lifecycle libpq@1.8.2~preinstall: no script for preinstall, continuing
765 silly lifecycle pg@4.5.5~preinstall: no script for preinstall, continuing
766 silly lifecycle pg-types@1.6.0~preinstall: no script for preinstall, continuing
767 silly lifecycle readable-stream@1.0.31~preinstall: no script for preinstall, continuing
768 silly lifecycle pg-native@1.10.0~preinstall: no script for preinstall, continuing
769 silly doReverseSerial remove 0
770 silly doSerial move 0
771 silly doSerial finalize 5
772 silly finalize C:\Users\Jose\CarCare\NodeCarCare\node_modules\libpq
773 silly finalize C:\Users\Jose\CarCare\NodeCarCare\node_modules\pg
774 silly finalize C:\Users\Jose\CarCare\NodeCarCare\node_modules\pg-native\node_modules\pg-types
775 silly finalize C:\Users\Jose\CarCare\NodeCarCare\node_modules\pg-native\node_modules\readable-stream
776 silly finalize C:\Users\Jose\CarCare\NodeCarCare\node_modules\pg-native
777 silly doSerial build 5
778 silly build libpq@1.8.2
779 info linkStuff libpq@1.8.2
780 silly linkStuff libpq@1.8.2 has C:\Users\Jose\CarCare\NodeCarCare\node_modules as its parent node_modules
781 verbose linkBins libpq@1.8.2
782 verbose linkMans libpq@1.8.2
783 silly build pg@4.5.5
784 info linkStuff pg@4.5.5
785 silly linkStuff pg@4.5.5 has C:\Users\Jose\CarCare\NodeCarCare\node_modules as its parent node_modules
786 verbose linkBins pg@4.5.5
787 verbose linkMans pg@4.5.5
788 silly build pg-types@1.6.0
789 info linkStuff pg-types@1.6.0
790 silly linkStuff pg-types@1.6.0 has C:\Users\Jose\CarCare\NodeCarCare\node_modules\pg-native\node_modules as its parent node_modules
791 verbose linkBins pg-types@1.6.0
792 verbose linkMans pg-types@1.6.0
793 silly build readable-stream@1.0.31
794 info linkStuff readable-stream@1.0.31
795 silly linkStuff readable-stream@1.0.31 has C:\Users\Jose\CarCare\NodeCarCare\node_modules\pg-native\node_modules as its parent node_modules
796 verbose linkBins readable-stream@1.0.31
797 verbose linkMans readable-stream@1.0.31
798 silly build pg-native@1.10.0
799 info linkStuff pg-native@1.10.0
800 silly linkStuff pg-native@1.10.0 has C:\Users\Jose\CarCare\NodeCarCare\node_modules as its parent node_modules
801 verbose linkBins pg-native@1.10.0
802 verbose linkMans pg-native@1.10.0
803 silly doSerial global-link 0
804 silly doParallel update-linked 0
805 silly doSerial install 5
806 silly install libpq@1.8.2 C:\Users\Jose\CarCare\NodeCarCare\node_modules\.staging\libpq-d4feeaaa
807 info lifecycle libpq@1.8.2~install: libpq@1.8.2
808 verbose lifecycle libpq@1.8.2~install: unsafe-perm in lifecycle true
809 verbose lifecycle libpq@1.8.2~install: PATH: C:\Program Files\nodejs\node_modules\npm\bin\node-gyp-bin;C:\Users\Jose\CarCare\NodeCarCare\node_modules\libpq\node_modules\.bin;C:\Users\Jose\CarCare\NodeCarCare\node_modules\.bin;C:\Program Files (x86)\NVIDIA Corporation\PhysX\Common;C:\ProgramData\Oracle\Java\javapath;C:\Windows\system32;C:\Windows;C:\Windows\System32\Wbem;C:\Windows\System32\WindowsPowerShell\v1.0\;C:\Program Files (x86)\ATI Technologies\ATI.ACE\Core-Static;C:\Program Files (x86)\AMD\ATI.ACE\Core-Static;C:\Program Files (x86)\Skype\Phone\;C:\Program Files\nodejs\;C:\Program Files (x86)\Heroku\bin;C:\Program Files (x86)\git\cmd;C:\xampp\php;C:\ProgramData\ComposerSetup\bin;C:\xampp\php\;C:\Program Files\nodejs\;C:\Program Files\PostgreSQL\9.6\bin;C:\Archivos de programa\nodejs\;C:\Users\Jose\AppData\Roaming\Composer\vendor\bin
810 verbose lifecycle libpq@1.8.2~install: CWD: C:\Users\Jose\CarCare\NodeCarCare\node_modules\libpq
811 silly lifecycle libpq@1.8.2~install: Args: [ '/d /s /c', 'node-gyp rebuild' ]
812 silly lifecycle libpq@1.8.2~install: Returned: code: 1  signal: null
813 info lifecycle libpq@1.8.2~install: Failed to exec install script
814 verbose unlock done using C:\Users\Jose\AppData\Roaming\npm-cache\_locks\staging-6d9a9f5f8acc488b.lock for C:\Users\Jose\CarCare\NodeCarCare\node_modules\.staging
815 silly rollbackFailedOptional Starting
816 silly rollbackFailedOptional Finishing
817 silly runTopLevelLifecycles Starting
818 silly runTopLevelLifecycles Finishing
819 silly install printInstalled
820 warn carcare@1.0.0 No repository field.
821 verbose stack Error: libpq@1.8.2 install: `node-gyp rebuild`
821 verbose stack Exit status 1
821 verbose stack     at EventEmitter.<anonymous> (C:\Program Files\nodejs\node_modules\npm\lib\utils\lifecycle.js:232:16)
821 verbose stack     at emitTwo (events.js:100:13)
821 verbose stack     at EventEmitter.emit (events.js:185:7)
821 verbose stack     at ChildProcess.<anonymous> (C:\Program Files\nodejs\node_modules\npm\lib\utils\spawn.js:24:14)
821 verbose stack     at emitTwo (events.js:100:13)
821 verbose stack     at ChildProcess.emit (events.js:185:7)
821 verbose stack     at maybeClose (internal/child_process.js:827:16)
821 verbose stack     at Process.ChildProcess._handle.onexit (internal/child_process.js:211:5)
822 verbose pkgid libpq@1.8.2
823 verbose cwd C:\Users\Jose\CarCare\NodeCarCare
824 error Windows_NT 6.3.9600
825 error argv "C:\\Program Files\\nodejs\\node.exe" "C:\\Program Files\\nodejs\\node_modules\\npm\\bin\\npm-cli.js" "install" "pg-native"
826 error node v5.7.1
827 error npm  v3.6.0
828 error code ELIFECYCLE
829 error libpq@1.8.2 install: `node-gyp rebuild`
829 error Exit status 1
830 error Failed at the libpq@1.8.2 install script 'node-gyp rebuild'.
830 error Make sure you have the latest version of node.js and npm installed.
830 error If you do, this is most likely a problem with the libpq package,
830 error not with npm itself.
830 error Tell the author that this fails on your system:
830 error     node-gyp rebuild
830 error You can get information on how to open an issue for this project with:
830 error     npm bugs libpq
830 error Or if that isn't available, you can get their info via:
830 error     npm owner ls libpq
830 error There is likely additional logging output above.
831 verbose exit [ 1, true ]
